Arguments: 
  /usr/local/bin/node /Users/zop6735/.npm-global/bin/yarn add express multter

PATH: 
  /Users/zop6735/.npm-global/bin:/Users/zop6735/.npm-global/bin:/usr/local/bin:/System/Cryptexes/App/usr/bin:/usr/bin:/bin:/usr/sbin:/sbin

Yarn version: 
  1.22.17

Node version: 
  16.14.0

Platform: 
  darwin x64

Trace: 
  Error: https://registry.npmjs.org/multter: Not found
      at Request.params.callback [as _callback] (/Users/zop6735/.npm-global/lib/node_modules/yarn/lib/cli.js:67029:18)
      at Request.self.callback (/Users/zop6735/.npm-global/lib/node_modules/yarn/lib/cli.js:140883:22)
      at Request.emit (node:events:520:28)
      at Request.<anonymous> (/Users/zop6735/.npm-global/lib/node_modules/yarn/lib/cli.js:141855:10)
      at Request.emit (node:events:520:28)
      at IncomingMessage.<anonymous> (/Users/zop6735/.npm-global/lib/node_modules/yarn/lib/cli.js:141777:12)
      at Object.onceWrapper (node:events:639:28)
      at IncomingMessage.emit (node:events:532:35)
      at endReadableNT (node:internal/streams/readable:1346:12)
      at processTicksAndRejections (node:internal/process/task_queues:83:21)

npm manifest: 
  {
    "name": "ads-pro",
    "version": "1.0.0",
    "main": "app.js",
    "author": "Sopan Mittal",
    "license": "MIT",
    "private": true
  }

yarn manifest: 
  No manifest

Lockfile: 
  No lockfile
